<?xml version="1.0" encoding="UTF-8"?>
<!-- Generated by org.testng.reporters.JUnitReportReporter -->
<testsuite skipped="0" hostname="ghildiyal-PC" name="pkg.TestCases.AddTariffPlnTest" tests="2" failures="0" timestamp="06 Apr 2020 17:40:28 GMT" time="75.988" errors="0">
  <testcase name="addTariff" time="38.608" classname="pkg.TestCases.AddTariffPlnTest"/>
  <testcase name="addTariff" time="37.380" classname="pkg.TestCases.AddTariffPlnTest"/>
</testsuite> <!-- pkg.TestCases.AddTariffPlnTest -->
