<?xml version="1.0" encoding="UTF-8"?>
<!-- Generated by org.testng.reporters.JUnitReportReporter -->
<testsuite skipped="0" hostname="ghildiyal-PC" name="pkg.TestCases.AddCustomerTest" tests="2" failures="0" timestamp="08 Apr 2020 11:31:49 GMT" time="70.272" errors="0">
  <testcase name="addNewCustomer" time="30.339" classname="pkg.TestCases.AddCustomerTest"/>
  <testcase name="addNewCustomer" time="39.933" classname="pkg.TestCases.AddCustomerTest"/>
</testsuite> <!-- pkg.TestCases.AddCustomerTest -->
