<?xml version="1.0" encoding="UTF-8"?>
<!-- Generated by org.testng.reporters.JUnitReportReporter -->
<testsuite skipped="0" hostname="ghildiyal-PC" name="pkg.TestCases.HomePageTest" tests="2" failures="0" timestamp="04 Apr 2020 14:01:11 GMT" time="85.645" errors="0">
  <testcase name="homePgeValidtion" time="43.811" classname="pkg.TestCases.HomePageTest"/>
  <testcase name="hoemPgeLinkValidate" time="41.834" classname="pkg.TestCases.HomePageTest"/>
</testsuite> <!-- pkg.TestCases.HomePageTest -->
